<?xml version="1.0" encoding="UTF-8"?>
<testsuite xmlns:xsi="http://www.w3.org/2001/XMLSchema-instance" xsi:noNamespaceSchemaLocation="https://maven.apache.org/surefire/maven-surefire-plugin/xsd/surefire-test-report-3.0.xsd" version="3.0" name="TestSuite" time="107.326" tests="17" errors="0" skipped="0" failures="4">
  <properties>
    <property name="sun.desktop" value="windows"/>
    <property name="awt.toolkit" value="sun.awt.windows.WToolkit"/>
    <property name="file.encoding.pkg" value="sun.io"/>
    <property name="java.specification.version" value="1.8"/>
    <property name="log4j.configurationFile" value="${sys:user.home}${sys:file.separator}Check24${sys:file.separator}log4j2.xml"/>
    <property name="sun.cpu.isalist" value="amd64"/>
    <property name="sun.jnu.encoding" value="Cp1252"/>
    <property name="java.class.path" value="D:\Mypro\MohamedAteif\target\test-classes;D:\Mypro\MohamedAteif\target\classes;C:\Users\mohamed_atef\.m2\repository\org\junit\platform\junit-platform-surefire-provider\1.2.0-M1\junit-platform-surefire-provider-1.2.0-M1.jar;C:\Users\mohamed_atef\.m2\repository\org\apiguardian\apiguardian-api\1.0.0\apiguardian-api-1.0.0.jar;C:\Users\mohamed_atef\.m2\repository\org\junit\platform\junit-platform-launcher\1.2.0-M1\junit-platform-launcher-1.2.0-M1.jar;C:\Users\mohamed_atef\.m2\repository\org\apache\maven\surefire\surefire-api\2.21.0\surefire-api-2.21.0.jar;C:\Users\mohamed_atef\.m2\repository\org\apache\maven\surefire\surefire-logger-api\2.21.0\surefire-logger-api-2.21.0.jar;C:\Users\mohamed_atef\.m2\repository\org\apache\maven\surefire\common-java5\2.21.0\common-java5-2.21.0.jar;C:\Users\mohamed_atef\.m2\repository\org\junit\jupiter\junit-jupiter-engine\5.2.0-M1\junit-jupiter-engine-5.2.0-M1.jar;C:\Users\mohamed_atef\.m2\repository\org\junit\platform\junit-platform-engine\1.2.0-M1\junit-platform-engine-1.2.0-M1.jar;C:\Users\mohamed_atef\.m2\repository\org\junit\platform\junit-platform-commons\1.2.0-M1\junit-platform-commons-1.2.0-M1.jar;C:\Users\mohamed_atef\.m2\repository\org\opentest4j\opentest4j\1.0.0\opentest4j-1.0.0.jar;C:\Users\mohamed_atef\.m2\repository\org\junit\jupiter\junit-jupiter-api\5.2.0-M1\junit-jupiter-api-5.2.0-M1.jar;C:\Users\mohamed_atef\.m2\repository\org\testng\testng\6.8.8\testng-6.8.8.jar;C:\Users\mohamed_atef\.m2\repository\org\beanshell\bsh\2.0b4\bsh-2.0b4.jar;C:\Users\mohamed_atef\.m2\repository\com\beust\jcommander\1.27\jcommander-1.27.jar;C:\Users\mohamed_atef\.m2\repository\commons-codec\commons-codec\1.6\commons-codec-1.6.jar;C:\Users\mohamed_atef\.m2\repository\commons-configuration\commons-configuration\1.10\commons-configuration-1.10.jar;C:\Users\mohamed_atef\.m2\repository\commons-io\commons-io\2.1\commons-io-2.1.jar;C:\Users\mohamed_atef\.m2\repository\commons-lang\commons-lang\2.6\commons-lang-2.6.jar;C:\Users\mohamed_atef\.m2\repository\commons-logging\commons-logging\1.2\commons-logging-1.2.jar;C:\Users\mohamed_atef\.m2\repository\org\apache\httpcomponents\httpclient\4.2.6\httpclient-4.2.6.jar;C:\Users\mohamed_atef\.m2\repository\org\apache\httpcomponents\httpcore\4.2.5\httpcore-4.2.5.jar;C:\Users\mohamed_atef\.m2\repository\org\apache\logging\log4j\log4j-1.2-api\2.8.2\log4j-1.2-api-2.8.2.jar;C:\Users\mohamed_atef\.m2\repository\org\apache\logging\log4j\log4j-api\2.8.2\log4j-api-2.8.2.jar;C:\Users\mohamed_atef\.m2\repository\org\apache\logging\log4j\log4j-core\2.8.2\log4j-core-2.8.2.jar;C:\Users\mohamed_atef\.m2\repository\org\apache\logging\log4j\log4j-flume-ng\2.8.2\log4j-flume-ng-2.8.2.jar;C:\Users\mohamed_atef\.m2\repository\com\sleepycat\je\5.0.73\je-5.0.73.jar;C:\Users\mohamed_atef\.m2\repository\org\apache\flume\flume-ng-sdk\1.7.0\flume-ng-sdk-1.7.0.jar;C:\Users\mohamed_atef\.m2\repository\org\apache\avro\avro\1.7.4\avro-1.7.4.jar;C:\Users\mohamed_atef\.m2\repository\com\thoughtworks\paranamer\paranamer\2.3\paranamer-2.3.jar;C:\Users\mohamed_atef\.m2\repository\org\xerial\snappy\snappy-java\1.0.4.1\snappy-java-1.0.4.1.jar;C:\Users\mohamed_atef\.m2\repository\org\apache\commons\commons-compress\1.4.1\commons-compress-1.4.1.jar;C:\Users\mohamed_atef\.m2\repository\org\tukaani\xz\1.0\xz-1.0.jar;C:\Users\mohamed_atef\.m2\repository\org\apache\avro\avro-ipc\1.7.4\avro-ipc-1.7.4.jar;C:\Users\mohamed_atef\.m2\repository\org\mortbay\jetty\jetty\6.1.26\jetty-6.1.26.jar;C:\Users\mohamed_atef\.m2\repository\org\mortbay\jetty\jetty-util\6.1.26\jetty-util-6.1.26.jar;C:\Users\mohamed_atef\.m2\repository\org\apache\velocity\velocity\1.7\velocity-1.7.jar;C:\Users\mohamed_atef\.m2\repository\commons-collections\commons-collections\3.2.1\commons-collections-3.2.1.jar;C:\Users\mohamed_atef\.m2\repository\io\netty\netty\3.9.4.Final\netty-3.9.4.Final.jar;C:\Users\mohamed_atef\.m2\repository\org\apache\thrift\libthrift\0.9.0\libthrift-0.9.0.jar;C:\Users\mohamed_atef\.m2\repository\org\codehaus\jackson\jackson-core-asl\1.9.13\jackson-core-asl-1.9.13.jar;C:\Users\mohamed_atef\.m2\repository\org\codehaus\jackson\jackson-mapper-asl\1.9.13\jackson-mapper-asl-1.9.13.jar;C:\Users\mohamed_atef\.m2\repository\org\apache\logging\log4j\log4j-slf4j-impl\2.8.2\log4j-slf4j-impl-2.8.2.jar;C:\Users\mohamed_atef\.m2\repository\org\apache\logging\log4j\log4j-taglib\2.8.2\log4j-taglib-2.8.2.jar;C:\Users\mohamed_atef\.m2\repository\org\apache\logging\log4j\log4j-web\2.8.2\log4j-web-2.8.2.jar;C:\Users\mohamed_atef\.m2\repository\org\apache\logging\log4j\log4j-nosql\2.8.2\log4j-nosql-2.8.2.jar;C:\Users\mohamed_atef\.m2\repository\org\seleniumhq\selenium\selenium-server\3.14.0\selenium-server-3.14.0.jar;C:\Users\mohamed_atef\.m2\repository\org\seleniumhq\selenium\selenium-java\3.14.0\selenium-java-3.14.0.jar;C:\Users\mohamed_atef\.m2\repository\org\seleniumhq\selenium\selenium-api\3.14.0\selenium-api-3.14.0.jar;C:\Users\mohamed_atef\.m2\repository\org\seleniumhq\selenium\selenium-chrome-driver\3.14.0\selenium-chrome-driver-3.14.0.jar;C:\Users\mohamed_atef\.m2\repository\org\seleniumhq\selenium\selenium-edge-driver\3.14.0\selenium-edge-driver-3.14.0.jar;C:\Users\mohamed_atef\.m2\repository\org\seleniumhq\selenium\selenium-firefox-driver\3.14.0\selenium-firefox-driver-3.14.0.jar;C:\Users\mohamed_atef\.m2\repository\org\seleniumhq\selenium\selenium-ie-driver\3.14.0\selenium-ie-driver-3.14.0.jar;C:\Users\mohamed_atef\.m2\repository\org\seleniumhq\selenium\selenium-opera-driver\3.14.0\selenium-opera-driver-3.14.0.jar;C:\Users\mohamed_atef\.m2\repository\org\seleniumhq\selenium\selenium-remote-driver\3.14.0\selenium-remote-driver-3.14.0.jar;C:\Users\mohamed_atef\.m2\repository\org\seleniumhq\selenium\selenium-safari-driver\3.14.0\selenium-safari-driver-3.14.0.jar;C:\Users\mohamed_atef\.m2\repository\org\seleniumhq\selenium\selenium-support\3.14.0\selenium-support-3.14.0.jar;C:\Users\mohamed_atef\.m2\repository\net\bytebuddy\byte-buddy\1.8.15\byte-buddy-1.8.15.jar;C:\Users\mohamed_atef\.m2\repository\org\apache\commons\commons-exec\1.3\commons-exec-1.3.jar;C:\Users\mohamed_atef\.m2\repository\org\apache\commons\commons-lang3\3.7\commons-lang3-3.7.jar;C:\Users\mohamed_atef\.m2\repository\org\apache\commons\commons-text\1.1\commons-text-1.1.jar;C:\Users\mohamed_atef\.m2\repository\commons-net\commons-net\3.6\commons-net-3.6.jar;C:\Users\mohamed_atef\.m2\repository\com\google\guava\guava\25.0-jre\guava-25.0-jre.jar;C:\Users\mohamed_atef\.m2\repository\com\google\code\findbugs\jsr305\1.3.9\jsr305-1.3.9.jar;C:\Users\mohamed_atef\.m2\repository\org\checkerframework\checker-compat-qual\2.0.0\checker-compat-qual-2.0.0.jar;C:\Users\mohamed_atef\.m2\repository\com\google\errorprone\error_prone_annotations\2.1.3\error_prone_annotations-2.1.3.jar;C:\Users\mohamed_atef\.m2\repository\com\google\j2objc\j2objc-annotations\1.1\j2objc-annotations-1.1.jar;C:\Users\mohamed_atef\.m2\repository\org\codehaus\mojo\animal-sniffer-annotations\1.14\animal-sniffer-annotations-1.14.jar;C:\Users\mohamed_atef\.m2\repository\net\sourceforge\htmlunit\htmlunit\2.30\htmlunit-2.30.jar;C:\Users\mohamed_atef\.m2\repository\net\sourceforge\htmlunit\htmlunit-core-js\2.28\htmlunit-core-js-2.28.jar;C:\Users\mohamed_atef\.m2\repository\net\sourceforge\htmlunit\htmlunit-cssparser\1.0.0\htmlunit-cssparser-1.0.0.jar;C:\Users\mohamed_atef\.m2\repository\net\sourceforge\htmlunit\neko-htmlunit\2.30\neko-htmlunit-2.30.jar;C:\Users\mohamed_atef\.m2\repository\org\apache\httpcomponents\httpmime\4.5.5\httpmime-4.5.5.jar;C:\Users\mohamed_atef\.m2\repository\net\jcip\jcip-annotations\1.0\jcip-annotations-1.0.jar;C:\Users\mohamed_atef\.m2\repository\org\seleniumhq\selenium\jetty-repacked\9.4.8.v20180619\jetty-repacked-9.4.8.v20180619.jar;C:\Users\mohamed_atef\.m2\repository\org\eclipse\jetty\jetty-client\9.4.8.v20180619\jetty-client-9.4.8.v20180619.jar;C:\Users\mohamed_atef\.m2\repository\org\eclipse\jetty\jetty-http\9.4.8.v20180619\jetty-http-9.4.8.v20180619.jar;C:\Users\mohamed_atef\.m2\repository\org\eclipse\jetty\jetty-io\9.4.8.v20180619\jetty-io-9.4.8.v20180619.jar;C:\Users\mohamed_atef\.m2\repository\org\eclipse\jetty\jetty-util\9.4.8.v20180619\jetty-util-9.4.8.v20180619.jar;C:\Users\mohamed_atef\.m2\repository\org\eclipse\jetty\jetty-xml\9.4.8.v20180619\jetty-xml-9.4.8.v20180619.jar;C:\Users\mohamed_atef\.m2\repository\com\squareup\okhttp3\okhttp\3.10.0\okhttp-3.10.0.jar;C:\Users\mohamed_atef\.m2\repository\com\squareup\okio\okio\1.14.1\okio-1.14.1.jar;C:\Users\mohamed_atef\.m2\repository\org\seleniumhq\selenium\htmlunit-driver\2.30.0\htmlunit-driver-2.30.0.jar;C:\Users\mohamed_atef\.m2\repository\javax\servlet\javax.servlet-api\3.1.0\javax.servlet-api-3.1.0.jar;C:\Users\mohamed_atef\.m2\repository\org\eclipse\jetty\websocket\websocket-api\9.4.8.v20180619\websocket-api-9.4.8.v20180619.jar;C:\Users\mohamed_atef\.m2\repository\org\eclipse\jetty\websocket\websocket-client\9.4.8.v20180619\websocket-client-9.4.8.v20180619.jar;C:\Users\mohamed_atef\.m2\repository\org\eclipse\jetty\websocket\websocket-common\9.4.8.v20180619\websocket-common-9.4.8.v20180619.jar;C:\Users\mohamed_atef\.m2\repository\xalan\serializer\2.7.2\serializer-2.7.2.jar;C:\Users\mohamed_atef\.m2\repository\xalan\xalan\2.7.2\xalan-2.7.2.jar;C:\Users\mohamed_atef\.m2\repository\xerces\xercesImpl\2.11.0\xercesImpl-2.11.0.jar;C:\Users\mohamed_atef\.m2\repository\xml-apis\xml-apis\1.4.01\xml-apis-1.4.01.jar;C:\Users\mohamed_atef\.m2\repository\org\yaml\snakeyaml\1.19\snakeyaml-1.19.jar;C:\Users\mohamed_atef\.m2\repository\org\slf4j\slf4j-api\1.6.1\slf4j-api-1.6.1.jar;C:\Users\mohamed_atef\.m2\repository\org\slf4j\slf4j-simple\1.6.1\slf4j-simple-1.6.1.jar;C:\Users\mohamed_atef\.m2\repository\org\apache\solr\solr-solrj\4.6.1\solr-solrj-4.6.1.jar;C:\Users\mohamed_atef\.m2\repository\org\apache\zookeeper\zookeeper\3.4.5\zookeeper-3.4.5.jar;C:\Users\mohamed_atef\.m2\repository\org\codehaus\woodstox\wstx-asl\3.2.7\wstx-asl-3.2.7.jar;C:\Users\mohamed_atef\.m2\repository\org\noggit\noggit\0.5\noggit-0.5.jar;C:\Users\mohamed_atef\.m2\repository\javax\mail\mail\1.4\mail-1.4.jar;C:\Users\mohamed_atef\.m2\repository\javax\activation\activation\1.1\activation-1.1.jar;C:\Users\mohamed_atef\.m2\repository\junit\junit\4.12\junit-4.12.jar;C:\Users\mohamed_atef\.m2\repository\org\hamcrest\hamcrest-core\1.3\hamcrest-core-1.3.jar;C:\Users\mohamed_atef\.m2\repository\org\apache\poi\poi\4.0.1\poi-4.0.1.jar;C:\Users\mohamed_atef\.m2\repository\org\apache\commons\commons-collections4\4.2\commons-collections4-4.2.jar;C:\Users\mohamed_atef\.m2\repository\org\apache\commons\commons-math3\3.6.1\commons-math3-3.6.1.jar;C:\Users\mohamed_atef\.m2\repository\com\googlecode\json-simple\json-simple\1.1\json-simple-1.1.jar;C:\Users\mohamed_atef\.m2\repository\com\google\code\gson\gson\1.7.1\gson-1.7.1.jar;C:\Users\mohamed_atef\.m2\repository\org\apache\maven\plugins\maven-surefire-plugin\2.12.4\maven-surefire-plugin-2.12.4.jar;C:\Users\mohamed_atef\.m2\repository\org\apache\maven\maven-plugin-api\2.0.9\maven-plugin-api-2.0.9.jar;C:\Users\mohamed_atef\.m2\repository\org\apache\maven\surefire\surefire-booter\2.12.4\surefire-booter-2.12.4.jar;C:\Users\mohamed_atef\.m2\repository\org\apache\maven\surefire\maven-surefire-common\2.12.4\maven-surefire-common-2.12.4.jar;C:\Users\mohamed_atef\.m2\repository\org\apache\maven\shared\maven-common-artifact-filters\1.3\maven-common-artifact-filters-1.3.jar;C:\Users\mohamed_atef\.m2\repository\org\codehaus\plexus\plexus-utils\3.0.8\plexus-utils-3.0.8.jar;C:\Users\mohamed_atef\.m2\repository\org\apache\maven\maven-artifact\2.0.9\maven-artifact-2.0.9.jar;C:\Users\mohamed_atef\.m2\repository\org\apache\maven\maven-project\2.0.9\maven-project-2.0.9.jar;C:\Users\mohamed_atef\.m2\repository\org\apache\maven\maven-settings\2.0.9\maven-settings-2.0.9.jar;C:\Users\mohamed_atef\.m2\repository\org\apache\maven\maven-profile\2.0.9\maven-profile-2.0.9.jar;C:\Users\mohamed_atef\.m2\repository\org\apache\maven\maven-model\2.0.9\maven-model-2.0.9.jar;C:\Users\mohamed_atef\.m2\repository\org\apache\maven\maven-artifact-manager\2.0.9\maven-artifact-manager-2.0.9.jar;C:\Users\mohamed_atef\.m2\repository\org\apache\maven\maven-plugin-registry\2.0.9\maven-plugin-registry-2.0.9.jar;C:\Users\mohamed_atef\.m2\repository\org\codehaus\plexus\plexus-container-default\1.0-alpha-9-stable-1\plexus-container-default-1.0-alpha-9-stable-1.jar;C:\Users\mohamed_atef\.m2\repository\org\apache\maven\maven-core\2.0.9\maven-core-2.0.9.jar;C:\Users\mohamed_atef\.m2\repository\org\apache\maven\maven-plugin-parameter-documenter\2.0.9\maven-plugin-parameter-documenter-2.0.9.jar;C:\Users\mohamed_atef\.m2\repository\org\apache\maven\reporting\maven-reporting-api\2.0.9\maven-reporting-api-2.0.9.jar;C:\Users\mohamed_atef\.m2\repository\org\apache\maven\wagon\wagon-provider-api\1.0-beta-2\wagon-provider-api-1.0-beta-2.jar;C:\Users\mohamed_atef\.m2\repository\org\apache\maven\maven-repository-metadata\2.0.9\maven-repository-metadata-2.0.9.jar;C:\Users\mohamed_atef\.m2\repository\org\apache\maven\maven-error-diagnostics\2.0.9\maven-error-diagnostics-2.0.9.jar;C:\Users\mohamed_atef\.m2\repository\org\apache\maven\maven-plugin-descriptor\2.0.9\maven-plugin-descriptor-2.0.9.jar;C:\Users\mohamed_atef\.m2\repository\org\apache\maven\maven-monitor\2.0.9\maven-monitor-2.0.9.jar;C:\Users\mohamed_atef\.m2\repository\classworlds\classworlds\1.1\classworlds-1.1.jar;C:\Users\mohamed_atef\.m2\repository\org\apache\maven\maven-toolchain\2.0.9\maven-toolchain-2.0.9.jar;C:\Users\mohamed_atef\.m2\repository\org\apache\maven\plugin-tools\maven-plugin-annotations\3.1\maven-plugin-annotations-3.1.jar;"/>
    <property name="java.vm.vendor" value="Oracle Corporation"/>
    <property name="sun.arch.data.model" value="64"/>
    <property name="user.variant" value=""/>
    <property name="java.vendor.url" value="http://java.oracle.com/"/>
    <property name="user.timezone" value="GMT+02:00"/>
    <property name="java.vm.specification.version" value="1.8"/>
    <property name="os.name" value="Windows 10"/>
    <property name="user.country" value="US"/>
    <property name="sun.java.launcher" value="SUN_STANDARD"/>
    <property name="sun.boot.library.path" value="C:\Program Files\Java\jdk1.8.0_151\jre\bin"/>
    <property name="sun.java.command" value="C:\Users\mohamed_atef\AppData\Local\Temp\surefire6642548222373348814\surefirebooter1895577692739128768.jar C:\Users\mohamed_atef\AppData\Local\Temp\surefire6642548222373348814 2019-11-12T19-10-54_916-jvmRun1 surefire5118126275456630705tmp surefire_01269151153417964813tmp"/>
    <property name="surefire.test.class.path" value="D:\Mypro\MohamedAteif\target\test-classes;D:\Mypro\MohamedAteif\target\classes;C:\Users\mohamed_atef\.m2\repository\org\junit\platform\junit-platform-surefire-provider\1.2.0-M1\junit-platform-surefire-provider-1.2.0-M1.jar;C:\Users\mohamed_atef\.m2\repository\org\apiguardian\apiguardian-api\1.0.0\apiguardian-api-1.0.0.jar;C:\Users\mohamed_atef\.m2\repository\org\junit\platform\junit-platform-launcher\1.2.0-M1\junit-platform-launcher-1.2.0-M1.jar;C:\Users\mohamed_atef\.m2\repository\org\apache\maven\surefire\surefire-api\2.21.0\surefire-api-2.21.0.jar;C:\Users\mohamed_atef\.m2\repository\org\apache\maven\surefire\surefire-logger-api\2.21.0\surefire-logger-api-2.21.0.jar;C:\Users\mohamed_atef\.m2\repository\org\apache\maven\surefire\common-java5\2.21.0\common-java5-2.21.0.jar;C:\Users\mohamed_atef\.m2\repository\org\junit\jupiter\junit-jupiter-engine\5.2.0-M1\junit-jupiter-engine-5.2.0-M1.jar;C:\Users\mohamed_atef\.m2\repository\org\junit\platform\junit-platform-engine\1.2.0-M1\junit-platform-engine-1.2.0-M1.jar;C:\Users\mohamed_atef\.m2\repository\org\junit\platform\junit-platform-commons\1.2.0-M1\junit-platform-commons-1.2.0-M1.jar;C:\Users\mohamed_atef\.m2\repository\org\opentest4j\opentest4j\1.0.0\opentest4j-1.0.0.jar;C:\Users\mohamed_atef\.m2\repository\org\junit\jupiter\junit-jupiter-api\5.2.0-M1\junit-jupiter-api-5.2.0-M1.jar;C:\Users\mohamed_atef\.m2\repository\org\testng\testng\6.8.8\testng-6.8.8.jar;C:\Users\mohamed_atef\.m2\repository\org\beanshell\bsh\2.0b4\bsh-2.0b4.jar;C:\Users\mohamed_atef\.m2\repository\com\beust\jcommander\1.27\jcommander-1.27.jar;C:\Users\mohamed_atef\.m2\repository\commons-codec\commons-codec\1.6\commons-codec-1.6.jar;C:\Users\mohamed_atef\.m2\repository\commons-configuration\commons-configuration\1.10\commons-configuration-1.10.jar;C:\Users\mohamed_atef\.m2\repository\commons-io\commons-io\2.1\commons-io-2.1.jar;C:\Users\mohamed_atef\.m2\repository\commons-lang\commons-lang\2.6\commons-lang-2.6.jar;C:\Users\mohamed_atef\.m2\repository\commons-logging\commons-logging\1.2\commons-logging-1.2.jar;C:\Users\mohamed_atef\.m2\repository\org\apache\httpcomponents\httpclient\4.2.6\httpclient-4.2.6.jar;C:\Users\mohamed_atef\.m2\repository\org\apache\httpcomponents\httpcore\4.2.5\httpcore-4.2.5.jar;C:\Users\mohamed_atef\.m2\repository\org\apache\logging\log4j\log4j-1.2-api\2.8.2\log4j-1.2-api-2.8.2.jar;C:\Users\mohamed_atef\.m2\repository\org\apache\logging\log4j\log4j-api\2.8.2\log4j-api-2.8.2.jar;C:\Users\mohamed_atef\.m2\repository\org\apache\logging\log4j\log4j-core\2.8.2\log4j-core-2.8.2.jar;C:\Users\mohamed_atef\.m2\repository\org\apache\logging\log4j\log4j-flume-ng\2.8.2\log4j-flume-ng-2.8.2.jar;C:\Users\mohamed_atef\.m2\repository\com\sleepycat\je\5.0.73\je-5.0.73.jar;C:\Users\mohamed_atef\.m2\repository\org\apache\flume\flume-ng-sdk\1.7.0\flume-ng-sdk-1.7.0.jar;C:\Users\mohamed_atef\.m2\repository\org\apache\avro\avro\1.7.4\avro-1.7.4.jar;C:\Users\mohamed_atef\.m2\repository\com\thoughtworks\paranamer\paranamer\2.3\paranamer-2.3.jar;C:\Users\mohamed_atef\.m2\repository\org\xerial\snappy\snappy-java\1.0.4.1\snappy-java-1.0.4.1.jar;C:\Users\mohamed_atef\.m2\repository\org\apache\commons\commons-compress\1.4.1\commons-compress-1.4.1.jar;C:\Users\mohamed_atef\.m2\repository\org\tukaani\xz\1.0\xz-1.0.jar;C:\Users\mohamed_atef\.m2\repository\org\apache\avro\avro-ipc\1.7.4\avro-ipc-1.7.4.jar;C:\Users\mohamed_atef\.m2\repository\org\mortbay\jetty\jetty\6.1.26\jetty-6.1.26.jar;C:\Users\mohamed_atef\.m2\repository\org\mortbay\jetty\jetty-util\6.1.26\jetty-util-6.1.26.jar;C:\Users\mohamed_atef\.m2\repository\org\apache\velocity\velocity\1.7\velocity-1.7.jar;C:\Users\mohamed_atef\.m2\repository\commons-collections\commons-collections\3.2.1\commons-collections-3.2.1.jar;C:\Users\mohamed_atef\.m2\repository\io\netty\netty\3.9.4.Final\netty-3.9.4.Final.jar;C:\Users\mohamed_atef\.m2\repository\org\apache\thrift\libthrift\0.9.0\libthrift-0.9.0.jar;C:\Users\mohamed_atef\.m2\repository\org\codehaus\jackson\jackson-core-asl\1.9.13\jackson-core-asl-1.9.13.jar;C:\Users\mohamed_atef\.m2\repository\org\codehaus\jackson\jackson-mapper-asl\1.9.13\jackson-mapper-asl-1.9.13.jar;C:\Users\mohamed_atef\.m2\repository\org\apache\logging\log4j\log4j-slf4j-impl\2.8.2\log4j-slf4j-impl-2.8.2.jar;C:\Users\mohamed_atef\.m2\repository\org\apache\logging\log4j\log4j-taglib\2.8.2\log4j-taglib-2.8.2.jar;C:\Users\mohamed_atef\.m2\repository\org\apache\logging\log4j\log4j-web\2.8.2\log4j-web-2.8.2.jar;C:\Users\mohamed_atef\.m2\repository\org\apache\logging\log4j\log4j-nosql\2.8.2\log4j-nosql-2.8.2.jar;C:\Users\mohamed_atef\.m2\repository\org\seleniumhq\selenium\selenium-server\3.14.0\selenium-server-3.14.0.jar;C:\Users\mohamed_atef\.m2\repository\org\seleniumhq\selenium\selenium-java\3.14.0\selenium-java-3.14.0.jar;C:\Users\mohamed_atef\.m2\repository\org\seleniumhq\selenium\selenium-api\3.14.0\selenium-api-3.14.0.jar;C:\Users\mohamed_atef\.m2\repository\org\seleniumhq\selenium\selenium-chrome-driver\3.14.0\selenium-chrome-driver-3.14.0.jar;C:\Users\mohamed_atef\.m2\repository\org\seleniumhq\selenium\selenium-edge-driver\3.14.0\selenium-edge-driver-3.14.0.jar;C:\Users\mohamed_atef\.m2\repository\org\seleniumhq\selenium\selenium-firefox-driver\3.14.0\selenium-firefox-driver-3.14.0.jar;C:\Users\mohamed_atef\.m2\repository\org\seleniumhq\selenium\selenium-ie-driver\3.14.0\selenium-ie-driver-3.14.0.jar;C:\Users\mohamed_atef\.m2\repository\org\seleniumhq\selenium\selenium-opera-driver\3.14.0\selenium-opera-driver-3.14.0.jar;C:\Users\mohamed_atef\.m2\repository\org\seleniumhq\selenium\selenium-remote-driver\3.14.0\selenium-remote-driver-3.14.0.jar;C:\Users\mohamed_atef\.m2\repository\org\seleniumhq\selenium\selenium-safari-driver\3.14.0\selenium-safari-driver-3.14.0.jar;C:\Users\mohamed_atef\.m2\repository\org\seleniumhq\selenium\selenium-support\3.14.0\selenium-support-3.14.0.jar;C:\Users\mohamed_atef\.m2\repository\net\bytebuddy\byte-buddy\1.8.15\byte-buddy-1.8.15.jar;C:\Users\mohamed_atef\.m2\repository\org\apache\commons\commons-exec\1.3\commons-exec-1.3.jar;C:\Users\mohamed_atef\.m2\repository\org\apache\commons\commons-lang3\3.7\commons-lang3-3.7.jar;C:\Users\mohamed_atef\.m2\repository\org\apache\commons\commons-text\1.1\commons-text-1.1.jar;C:\Users\mohamed_atef\.m2\repository\commons-net\commons-net\3.6\commons-net-3.6.jar;C:\Users\mohamed_atef\.m2\repository\com\google\guava\guava\25.0-jre\guava-25.0-jre.jar;C:\Users\mohamed_atef\.m2\repository\com\google\code\findbugs\jsr305\1.3.9\jsr305-1.3.9.jar;C:\Users\mohamed_atef\.m2\repository\org\checkerframework\checker-compat-qual\2.0.0\checker-compat-qual-2.0.0.jar;C:\Users\mohamed_atef\.m2\repository\com\google\errorprone\error_prone_annotations\2.1.3\error_prone_annotations-2.1.3.jar;C:\Users\mohamed_atef\.m2\repository\com\google\j2objc\j2objc-annotations\1.1\j2objc-annotations-1.1.jar;C:\Users\mohamed_atef\.m2\repository\org\codehaus\mojo\animal-sniffer-annotations\1.14\animal-sniffer-annotations-1.14.jar;C:\Users\mohamed_atef\.m2\repository\net\sourceforge\htmlunit\htmlunit\2.30\htmlunit-2.30.jar;C:\Users\mohamed_atef\.m2\repository\net\sourceforge\htmlunit\htmlunit-core-js\2.28\htmlunit-core-js-2.28.jar;C:\Users\mohamed_atef\.m2\repository\net\sourceforge\htmlunit\htmlunit-cssparser\1.0.0\htmlunit-cssparser-1.0.0.jar;C:\Users\mohamed_atef\.m2\repository\net\sourceforge\htmlunit\neko-htmlunit\2.30\neko-htmlunit-2.30.jar;C:\Users\mohamed_atef\.m2\repository\org\apache\httpcomponents\httpmime\4.5.5\httpmime-4.5.5.jar;C:\Users\mohamed_atef\.m2\repository\net\jcip\jcip-annotations\1.0\jcip-annotations-1.0.jar;C:\Users\mohamed_atef\.m2\repository\org\seleniumhq\selenium\jetty-repacked\9.4.8.v20180619\jetty-repacked-9.4.8.v20180619.jar;C:\Users\mohamed_atef\.m2\repository\org\eclipse\jetty\jetty-client\9.4.8.v20180619\jetty-client-9.4.8.v20180619.jar;C:\Users\mohamed_atef\.m2\repository\org\eclipse\jetty\jetty-http\9.4.8.v20180619\jetty-http-9.4.8.v20180619.jar;C:\Users\mohamed_atef\.m2\repository\org\eclipse\jetty\jetty-io\9.4.8.v20180619\jetty-io-9.4.8.v20180619.jar;C:\Users\mohamed_atef\.m2\repository\org\eclipse\jetty\jetty-util\9.4.8.v20180619\jetty-util-9.4.8.v20180619.jar;C:\Users\mohamed_atef\.m2\repository\org\eclipse\jetty\jetty-xml\9.4.8.v20180619\jetty-xml-9.4.8.v20180619.jar;C:\Users\mohamed_atef\.m2\repository\com\squareup\okhttp3\okhttp\3.10.0\okhttp-3.10.0.jar;C:\Users\mohamed_atef\.m2\repository\com\squareup\okio\okio\1.14.1\okio-1.14.1.jar;C:\Users\mohamed_atef\.m2\repository\org\seleniumhq\selenium\htmlunit-driver\2.30.0\htmlunit-driver-2.30.0.jar;C:\Users\mohamed_atef\.m2\repository\javax\servlet\javax.servlet-api\3.1.0\javax.servlet-api-3.1.0.jar;C:\Users\mohamed_atef\.m2\repository\org\eclipse\jetty\websocket\websocket-api\9.4.8.v20180619\websocket-api-9.4.8.v20180619.jar;C:\Users\mohamed_atef\.m2\repository\org\eclipse\jetty\websocket\websocket-client\9.4.8.v20180619\websocket-client-9.4.8.v20180619.jar;C:\Users\mohamed_atef\.m2\repository\org\eclipse\jetty\websocket\websocket-common\9.4.8.v20180619\websocket-common-9.4.8.v20180619.jar;C:\Users\mohamed_atef\.m2\repository\xalan\serializer\2.7.2\serializer-2.7.2.jar;C:\Users\mohamed_atef\.m2\repository\xalan\xalan\2.7.2\xalan-2.7.2.jar;C:\Users\mohamed_atef\.m2\repository\xerces\xercesImpl\2.11.0\xercesImpl-2.11.0.jar;C:\Users\mohamed_atef\.m2\repository\xml-apis\xml-apis\1.4.01\xml-apis-1.4.01.jar;C:\Users\mohamed_atef\.m2\repository\org\yaml\snakeyaml\1.19\snakeyaml-1.19.jar;C:\Users\mohamed_atef\.m2\repository\org\slf4j\slf4j-api\1.6.1\slf4j-api-1.6.1.jar;C:\Users\mohamed_atef\.m2\repository\org\slf4j\slf4j-simple\1.6.1\slf4j-simple-1.6.1.jar;C:\Users\mohamed_atef\.m2\repository\org\apache\solr\solr-solrj\4.6.1\solr-solrj-4.6.1.jar;C:\Users\mohamed_atef\.m2\repository\org\apache\zookeeper\zookeeper\3.4.5\zookeeper-3.4.5.jar;C:\Users\mohamed_atef\.m2\repository\org\codehaus\woodstox\wstx-asl\3.2.7\wstx-asl-3.2.7.jar;C:\Users\mohamed_atef\.m2\repository\org\noggit\noggit\0.5\noggit-0.5.jar;C:\Users\mohamed_atef\.m2\repository\javax\mail\mail\1.4\mail-1.4.jar;C:\Users\mohamed_atef\.m2\repository\javax\activation\activation\1.1\activation-1.1.jar;C:\Users\mohamed_atef\.m2\repository\junit\junit\4.12\junit-4.12.jar;C:\Users\mohamed_atef\.m2\repository\org\hamcrest\hamcrest-core\1.3\hamcrest-core-1.3.jar;C:\Users\mohamed_atef\.m2\repository\org\apache\poi\poi\4.0.1\poi-4.0.1.jar;C:\Users\mohamed_atef\.m2\repository\org\apache\commons\commons-collections4\4.2\commons-collections4-4.2.jar;C:\Users\mohamed_atef\.m2\repository\org\apache\commons\commons-math3\3.6.1\commons-math3-3.6.1.jar;C:\Users\mohamed_atef\.m2\repository\com\googlecode\json-simple\json-simple\1.1\json-simple-1.1.jar;C:\Users\mohamed_atef\.m2\repository\com\google\code\gson\gson\1.7.1\gson-1.7.1.jar;C:\Users\mohamed_atef\.m2\repository\org\apache\maven\plugins\maven-surefire-plugin\2.12.4\maven-surefire-plugin-2.12.4.jar;C:\Users\mohamed_atef\.m2\repository\org\apache\maven\maven-plugin-api\2.0.9\maven-plugin-api-2.0.9.jar;C:\Users\mohamed_atef\.m2\repository\org\apache\maven\surefire\surefire-booter\2.12.4\surefire-booter-2.12.4.jar;C:\Users\mohamed_atef\.m2\repository\org\apache\maven\surefire\maven-surefire-common\2.12.4\maven-surefire-common-2.12.4.jar;C:\Users\mohamed_atef\.m2\repository\org\apache\maven\shared\maven-common-artifact-filters\1.3\maven-common-artifact-filters-1.3.jar;C:\Users\mohamed_atef\.m2\repository\org\codehaus\plexus\plexus-utils\3.0.8\plexus-utils-3.0.8.jar;C:\Users\mohamed_atef\.m2\repository\org\apache\maven\maven-artifact\2.0.9\maven-artifact-2.0.9.jar;C:\Users\mohamed_atef\.m2\repository\org\apache\maven\maven-project\2.0.9\maven-project-2.0.9.jar;C:\Users\mohamed_atef\.m2\repository\org\apache\maven\maven-settings\2.0.9\maven-settings-2.0.9.jar;C:\Users\mohamed_atef\.m2\repository\org\apache\maven\maven-profile\2.0.9\maven-profile-2.0.9.jar;C:\Users\mohamed_atef\.m2\repository\org\apache\maven\maven-model\2.0.9\maven-model-2.0.9.jar;C:\Users\mohamed_atef\.m2\repository\org\apache\maven\maven-artifact-manager\2.0.9\maven-artifact-manager-2.0.9.jar;C:\Users\mohamed_atef\.m2\repository\org\apache\maven\maven-plugin-registry\2.0.9\maven-plugin-registry-2.0.9.jar;C:\Users\mohamed_atef\.m2\repository\org\codehaus\plexus\plexus-container-default\1.0-alpha-9-stable-1\plexus-container-default-1.0-alpha-9-stable-1.jar;C:\Users\mohamed_atef\.m2\repository\org\apache\maven\maven-core\2.0.9\maven-core-2.0.9.jar;C:\Users\mohamed_atef\.m2\repository\org\apache\maven\maven-plugin-parameter-documenter\2.0.9\maven-plugin-parameter-documenter-2.0.9.jar;C:\Users\mohamed_atef\.m2\repository\org\apache\maven\reporting\maven-reporting-api\2.0.9\maven-reporting-api-2.0.9.jar;C:\Users\mohamed_atef\.m2\repository\org\apache\maven\wagon\wagon-provider-api\1.0-beta-2\wagon-provider-api-1.0-beta-2.jar;C:\Users\mohamed_atef\.m2\repository\org\apache\maven\maven-repository-metadata\2.0.9\maven-repository-metadata-2.0.9.jar;C:\Users\mohamed_atef\.m2\repository\org\apache\maven\maven-error-diagnostics\2.0.9\maven-error-diagnostics-2.0.9.jar;C:\Users\mohamed_atef\.m2\repository\org\apache\maven\maven-plugin-descriptor\2.0.9\maven-plugin-descriptor-2.0.9.jar;C:\Users\mohamed_atef\.m2\repository\org\apache\maven\maven-monitor\2.0.9\maven-monitor-2.0.9.jar;C:\Users\mohamed_atef\.m2\repository\classworlds\classworlds\1.1\classworlds-1.1.jar;C:\Users\mohamed_atef\.m2\repository\org\apache\maven\maven-toolchain\2.0.9\maven-toolchain-2.0.9.jar;C:\Users\mohamed_atef\.m2\repository\org\apache\maven\plugin-tools\maven-plugin-annotations\3.1\maven-plugin-annotations-3.1.jar;"/>
    <property name="sun.cpu.endian" value="little"/>
    <property name="user.home" value="C:\Users\mohamed_atef"/>
    <property name="user.language" value="en"/>
    <property name="java.specification.vendor" value="Oracle Corporation"/>
    <property name="java.home" value="C:\Program Files\Java\jdk1.8.0_151\jre"/>
    <property name="basedir" value="D:\Mypro\MohamedAteif"/>
    <property name="file.separator" value="\"/>
    <property name="line.separator" value="&#10;"/>
    <property name="java.vm.specification.vendor" value="Oracle Corporation"/>
    <property name="java.specification.name" value="Java Platform API Specification"/>
    <property name="java.awt.graphicsenv" value="sun.awt.Win32GraphicsEnvironment"/>
    <property name="surefire.real.class.path" value="C:\Users\mohamed_atef\AppData\Local\Temp\surefire6642548222373348814\surefirebooter1895577692739128768.jar"/>
    <property name="sun.boot.class.path" value="C:\Program Files\Java\jdk1.8.0_151\jre\lib\resources.jar;C:\Program Files\Java\jdk1.8.0_151\jre\lib\rt.jar;C:\Program Files\Java\jdk1.8.0_151\jre\lib\sunrsasign.jar;C:\Program Files\Java\jdk1.8.0_151\jre\lib\jsse.jar;C:\Program Files\Java\jdk1.8.0_151\jre\lib\jce.jar;C:\Program Files\Java\jdk1.8.0_151\jre\lib\charsets.jar;C:\Program Files\Java\jdk1.8.0_151\jre\lib\jfr.jar;C:\Program Files\Java\jdk1.8.0_151\jre\classes"/>
    <property name="user.script" value=""/>
    <property name="sun.management.compiler" value="HotSpot 64-Bit Tiered Compilers"/>
    <property name="java.runtime.version" value="1.8.0_151-b12"/>
    <property name="user.name" value="mohamed_atef"/>
    <property name="path.separator" value=";"/>
    <property name="os.version" value="10.0"/>
    <property name="java.endorsed.dirs" value="C:\Program Files\Java\jdk1.8.0_151\jre\lib\endorsed"/>
    <property name="java.runtime.name" value="Java(TM) SE Runtime Environment"/>
    <property name="file.encoding" value="Cp1252"/>
    <property name="java.vm.name" value="Java HotSpot(TM) 64-Bit Server VM"/>
    <property name="localRepository" value="C:\Users\mohamed_atef\.m2\repository"/>
    <property name="java.vendor.url.bug" value="http://bugreport.sun.com/bugreport/"/>
    <property name="java.io.tmpdir" value="C:\Users\MOHAME~1\AppData\Local\Temp\"/>
    <property name="java.version" value="1.8.0_151"/>
    <property name="user.dir" value="D:\Mypro\MohamedAteif"/>
    <property name="os.arch" value="amd64"/>
    <property name="java.vm.specification.name" value="Java Virtual Machine Specification"/>
    <property name="java.awt.printerjob" value="sun.awt.windows.WPrinterJob"/>
    <property name="sun.os.patch.level" value=""/>
    <property name="java.library.path" value="C:\Program Files\Java\jdk1.8.0_151\jre\bin;C:\WINDOWS\Sun\Java\bin;C:\WINDOWS\system32;C:\WINDOWS;C:\ProgramData\Oracle\Java\javapath;C:\Program Files (x86)\Intel\iCLS Client\;C:\Program Files\Intel\iCLS Client\;C:\WINDOWS\system32;C:\WINDOWS;C:\WINDOWS\System32\Wbem;C:\WINDOWS\System32\WindowsPowerShell\v1.0\;C:\Program Files\Intel\Intel(R) Management Engine Components\DAL;C:\Program Files\Intel\Intel(R) Management Engine Components\IPT;C:\Program Files (x86)\Intel\Intel(R) Management Engine Components\DAL;C:\Program Files (x86)\Intel\Intel(R) Management Engine Components\IPT;C:\Program Files\TortoiseSVN\bin;C:\WINDOWS\System32\OpenSSH\;C:\Program Files\Git\cmd;C:\Program Files\TortoiseGit\bin;C:\php-sdk\oracle\x64\instantclient_12_1;C:\Users\mohamed_atef\AppData\Local\Microsoft\WindowsApps;D:\SE2.0_Automation_New_Desgin\apache-maven-3.6.1\bin;C:\Program Files\Java\jdk1.8.0_151;;C:\Users\mohamed_atef\AppData\Local\Programs\Microsoft VS Code\bin;."/>
    <property name="java.vm.info" value="mixed mode"/>
    <property name="java.vendor" value="Oracle Corporation"/>
    <property name="java.vm.version" value="25.151-b12"/>
    <property name="java.ext.dirs" value="C:\Program Files\Java\jdk1.8.0_151\jre\lib\ext;C:\WINDOWS\Sun\Java\lib\ext"/>
    <property name="sun.io.unicode.encoding" value="UnicodeLittle"/>
    <property name="java.class.version" value="52.0"/>
  </properties>
  <testcase name="createNewUserButton" classname="RegisteringNewCustomer.RegisterCustomerTestCases" time="2.28"/>
  <testcase name="registerationHappyPath" classname="RegisteringNewCustomer.RegisterCustomerTestCases" time="11.272"/>
  <testcase name="registerationWithNotEmailString" classname="RegisteringNewCustomer.RegisterCustomerTestCases" time="1.914">
    <failure message="expected [Bitte geben Sie eine gültige E-Mail-Adresse an.] but found [Bitte geben Sie eine gÃ¼ltige E-Mail-Adresse an.]" type="java.lang.AssertionError">java.lang.AssertionError: expected [Bitte geben Sie eine gültige E-Mail-Adresse an.] but found [Bitte geben Sie eine gÃ¼ltige E-Mail-Adresse an.]
	at RegisteringNewCustomer.RegisterCustomerTestCases.registerationWithNotEmailString(RegisterCustomerTestCases.java:304)
</failure>
  </testcase>
  <testcase name="registerationWithEmptyEmailField" classname="RegisteringNewCustomer.RegisterCustomerTestCases" time="1.787"/>
  <testcase name="registerationWithEmptyPassword" classname="RegisteringNewCustomer.RegisterCustomerTestCases" time="2.313">
    <failure message="expected [Die Passwörter stimmen nicht überein.] but found [Die PasswÃ¶rter stimmen nicht Ã¼berein.]" type="java.lang.AssertionError">java.lang.AssertionError: expected [Die Passwörter stimmen nicht überein.] but found [Die PasswÃ¶rter stimmen nicht Ã¼berein.]
	at RegisteringNewCustomer.RegisterCustomerTestCases.registerationWithEmptyPassword(RegisterCustomerTestCases.java:394)
</failure>
  </testcase>
  <testcase name="registerationWithEmptyPasswordConfirmationField" classname="RegisteringNewCustomer.RegisterCustomerTestCases" time="2.799">
    <failure message="expected [Die Passwörter stimmen nicht überein.] but found [Die PasswÃ¶rter stimmen nicht Ã¼berein.]" type="java.lang.AssertionError">java.lang.AssertionError: expected [Die Passwörter stimmen nicht überein.] but found [Die PasswÃ¶rter stimmen nicht Ã¼berein.]
	at RegisteringNewCustomer.RegisterCustomerTestCases.registerationWithEmptyPasswordConfirmationField(RegisterCustomerTestCases.java:428)
</failure>
  </testcase>
  <testcase name="registerationWithEmptyPasswordAndEmptyConfirmation" classname="RegisteringNewCustomer.RegisterCustomerTestCases" time="2.118"/>
  <testcase name="registerationWithFiveCharchtersPassword" classname="RegisteringNewCustomer.RegisterCustomerTestCases" time="2.518"/>
  <testcase name="registerationWithFiftyOneCharchtersPassword" classname="RegisteringNewCustomer.RegisterCustomerTestCases" time="5.211"/>
  <testcase name="registerationWithOnlyLettersPassword" classname="RegisteringNewCustomer.RegisterCustomerTestCases" time="4.767"/>
  <testcase name="registerationWithOnlyNumbersPassword" classname="RegisteringNewCustomer.RegisterCustomerTestCases" time="4.759"/>
  <testcase name="registerationWithOnlySpecialCharchtersPassword" classname="RegisteringNewCustomer.RegisterCustomerTestCases" time="4.673"/>
  <testcase name="registerationWithPasswordSimilarToEmail" classname="RegisteringNewCustomer.RegisterCustomerTestCases" time="4.463"/>
  <testcase name="registerationWithPreviouslyUsedEmail" classname="RegisteringNewCustomer.RegisterCustomerTestCases" time="4.439"/>
  <testcase name="registerationWithEasyToGuessPassword" classname="RegisteringNewCustomer.RegisterCustomerTestCases" time="5.325"/>
  <testcase name="registerationTermsOfUseAndPrivacy" classname="RegisteringNewCustomer.RegisterCustomerTestCases" time="4.207"/>
  <testcase name="searchForFlight" classname="TravelSearch.TravelSearchTestCases" time="13.486">
    <failure message="For input string: &quot;&quot;" type="java.lang.NumberFormatException">java.lang.NumberFormatException: For input string: ""
	at TravelSearch.TravelSearchTestCases.searchForFlight(TravelSearchTestCases.java:93)
</failure>
    <system-out><![CDATA[PASSED: createNewUserButton
PASSED: registerationHappyPath
PASSED: registerationWithEmptyEmailField
PASSED: registerationWithEmptyPasswordAndEmptyConfirmation
PASSED: registerationWithFiveCharchtersPassword
PASSED: registerationWithFiftyOneCharchtersPassword
PASSED: registerationWithOnlyLettersPassword
PASSED: registerationWithOnlyNumbersPassword
PASSED: registerationWithOnlySpecialCharchtersPassword
PASSED: registerationWithPasswordSimilarToEmail
PASSED: registerationWithPreviouslyUsedEmail
PASSED: registerationWithEasyToGuessPassword
PASSED: registerationTermsOfUseAndPrivacy
FAILED: registerationWithNotEmailString
java.lang.AssertionError: expected [Bitte geben Sie eine gültige E-Mail-Adresse an.] but found [Bitte geben Sie eine gÃ¼ltige E-Mail-Adresse an.]
	at org.testng.Assert.fail(Assert.java:94)
	at org.testng.Assert.failNotEquals(Assert.java:494)
	at org.testng.Assert.assertEquals(Assert.java:123)
	at org.testng.Assert.assertEquals(Assert.java:176)
	at org.testng.Assert.assertEquals(Assert.java:186)
	at RegisteringNewCustomer.RegisterCustomerTestCases.registerationWithNotEmailString(RegisterCustomerTestCases.java:304)
	at sun.reflect.NativeMethodAccessorImpl.invoke0(Native Method)
	at sun.reflect.NativeMethodAccessorImpl.invoke(NativeMethodAccessorImpl.java:62)
	at sun.reflect.DelegatingMethodAccessorImpl.invoke(DelegatingMethodAccessorImpl.java:43)
	at java.lang.reflect.Method.invoke(Method.java:498)
	at org.testng.internal.MethodInvocationHelper.invokeMethod(MethodInvocationHelper.java:84)
	at org.testng.internal.Invoker.invokeMethod(Invoker.java:714)
	at org.testng.internal.Invoker.invokeTestMethod(Invoker.java:901)
	at org.testng.internal.Invoker.invokeTestMethods(Invoker.java:1231)
	at org.testng.internal.TestMethodWorker.invokeTestMethods(TestMethodWorker.java:127)
	at org.testng.internal.TestMethodWorker.run(TestMethodWorker.java:111)
	at org.testng.TestRunner.privateRun(TestRunner.java:767)
	at org.testng.TestRunner.run(TestRunner.java:617)
	at org.testng.SuiteRunner.runTest(SuiteRunner.java:348)
	at org.testng.SuiteRunner.runSequentially(SuiteRunner.java:343)
	at org.testng.SuiteRunner.privateRun(SuiteRunner.java:305)
	at org.testng.SuiteRunner.run(SuiteRunner.java:254)
	at org.testng.SuiteRunnerWorker.runSuite(SuiteRunnerWorker.java:52)
	at org.testng.SuiteRunnerWorker.run(SuiteRunnerWorker.java:86)
	at org.testng.TestNG.runSuitesSequentially(TestNG.java:1224)
	at org.testng.TestNG.runSuitesLocally(TestNG.java:1149)
	at org.testng.TestNG.run(TestNG.java:1057)
	at org.apache.maven.surefire.testng.TestNGExecutor.run(TestNGExecutor.java:283)
	at org.apache.maven.surefire.testng.TestNGXmlTestSuite.execute(TestNGXmlTestSuite.java:75)
	at org.apache.maven.surefire.testng.TestNGProvider.invoke(TestNGProvider.java:120)
	at org.apache.maven.surefire.booter.ForkedBooter.invokeProviderInSameClassLoader(ForkedBooter.java:384)
	at org.apache.maven.surefire.booter.ForkedBooter.runSuitesInProcess(ForkedBooter.java:345)
	at org.apache.maven.surefire.booter.ForkedBooter.execute(ForkedBooter.java:126)
	at org.apache.maven.surefire.booter.ForkedBooter.main(ForkedBooter.java:418)

FAILED: registerationWithEmptyPassword
java.lang.AssertionError: expected [Die Passwörter stimmen nicht überein.] but found [Die PasswÃ¶rter stimmen nicht Ã¼berein.]
	at org.testng.Assert.fail(Assert.java:94)
	at org.testng.Assert.failNotEquals(Assert.java:494)
	at org.testng.Assert.assertEquals(Assert.java:123)
	at org.testng.Assert.assertEquals(Assert.java:176)
	at org.testng.Assert.assertEquals(Assert.java:186)
	at CommenUsedMethods.CommenMethods.Verify(CommenMethods.java:157)
	at RegisteringNewCustomer.RegisterCustomerTestCases.registerationWithEmptyPassword(RegisterCustomerTestCases.java:394)
	at sun.reflect.NativeMethodAccessorImpl.invoke0(Native Method)
	at sun.reflect.NativeMethodAccessorImpl.invoke(NativeMethodAccessorImpl.java:62)
	at sun.reflect.DelegatingMethodAccessorImpl.invoke(DelegatingMethodAccessorImpl.java:43)
	at java.lang.reflect.Method.invoke(Method.java:498)
	at org.testng.internal.MethodInvocationHelper.invokeMethod(MethodInvocationHelper.java:84)
	at org.testng.internal.Invoker.invokeMethod(Invoker.java:714)
	at org.testng.internal.Invoker.invokeTestMethod(Invoker.java:901)
	at org.testng.internal.Invoker.invokeTestMethods(Invoker.java:1231)
	at org.testng.internal.TestMethodWorker.invokeTestMethods(TestMethodWorker.java:127)
	at org.testng.internal.TestMethodWorker.run(TestMethodWorker.java:111)
	at org.testng.TestRunner.privateRun(TestRunner.java:767)
	at org.testng.TestRunner.run(TestRunner.java:617)
	at org.testng.SuiteRunner.runTest(SuiteRunner.java:348)
	at org.testng.SuiteRunner.runSequentially(SuiteRunner.java:343)
	at org.testng.SuiteRunner.privateRun(SuiteRunner.java:305)
	at org.testng.SuiteRunner.run(SuiteRunner.java:254)
	at org.testng.SuiteRunnerWorker.runSuite(SuiteRunnerWorker.java:52)
	at org.testng.SuiteRunnerWorker.run(SuiteRunnerWorker.java:86)
	at org.testng.TestNG.runSuitesSequentially(TestNG.java:1224)
	at org.testng.TestNG.runSuitesLocally(TestNG.java:1149)
	at org.testng.TestNG.run(TestNG.java:1057)
	at org.apache.maven.surefire.testng.TestNGExecutor.run(TestNGExecutor.java:283)
	at org.apache.maven.surefire.testng.TestNGXmlTestSuite.execute(TestNGXmlTestSuite.java:75)
	at org.apache.maven.surefire.testng.TestNGProvider.invoke(TestNGProvider.java:120)
	at org.apache.maven.surefire.booter.ForkedBooter.invokeProviderInSameClassLoader(ForkedBooter.java:384)
	at org.apache.maven.surefire.booter.ForkedBooter.runSuitesInProcess(ForkedBooter.java:345)
	at org.apache.maven.surefire.booter.ForkedBooter.execute(ForkedBooter.java:126)
	at org.apache.maven.surefire.booter.ForkedBooter.main(ForkedBooter.java:418)

FAILED: registerationWithEmptyPasswordConfirmationField
java.lang.AssertionError: expected [Die Passwörter stimmen nicht überein.] but found [Die PasswÃ¶rter stimmen nicht Ã¼berein.]
	at org.testng.Assert.fail(Assert.java:94)
	at org.testng.Assert.failNotEquals(Assert.java:494)
	at org.testng.Assert.assertEquals(Assert.java:123)
	at org.testng.Assert.assertEquals(Assert.java:176)
	at org.testng.Assert.assertEquals(Assert.java:186)
	at CommenUsedMethods.CommenMethods.Verify(CommenMethods.java:157)
	at RegisteringNewCustomer.RegisterCustomerTestCases.registerationWithEmptyPasswordConfirmationField(RegisterCustomerTestCases.java:428)
	at sun.reflect.NativeMethodAccessorImpl.invoke0(Native Method)
	at sun.reflect.NativeMethodAccessorImpl.invoke(NativeMethodAccessorImpl.java:62)
	at sun.reflect.DelegatingMethodAccessorImpl.invoke(DelegatingMethodAccessorImpl.java:43)
	at java.lang.reflect.Method.invoke(Method.java:498)
	at org.testng.internal.MethodInvocationHelper.invokeMethod(MethodInvocationHelper.java:84)
	at org.testng.internal.Invoker.invokeMethod(Invoker.java:714)
	at org.testng.internal.Invoker.invokeTestMethod(Invoker.java:901)
	at org.testng.internal.Invoker.invokeTestMethods(Invoker.java:1231)
	at org.testng.internal.TestMethodWorker.invokeTestMethods(TestMethodWorker.java:127)
	at org.testng.internal.TestMethodWorker.run(TestMethodWorker.java:111)
	at org.testng.TestRunner.privateRun(TestRunner.java:767)
	at org.testng.TestRunner.run(TestRunner.java:617)
	at org.testng.SuiteRunner.runTest(SuiteRunner.java:348)
	at org.testng.SuiteRunner.runSequentially(SuiteRunner.java:343)
	at org.testng.SuiteRunner.privateRun(SuiteRunner.java:305)
	at org.testng.SuiteRunner.run(SuiteRunner.java:254)
	at org.testng.SuiteRunnerWorker.runSuite(SuiteRunnerWorker.java:52)
	at org.testng.SuiteRunnerWorker.run(SuiteRunnerWorker.java:86)
	at org.testng.TestNG.runSuitesSequentially(TestNG.java:1224)
	at org.testng.TestNG.runSuitesLocally(TestNG.java:1149)
	at org.testng.TestNG.run(TestNG.java:1057)
	at org.apache.maven.surefire.testng.TestNGExecutor.run(TestNGExecutor.java:283)
	at org.apache.maven.surefire.testng.TestNGXmlTestSuite.execute(TestNGXmlTestSuite.java:75)
	at org.apache.maven.surefire.testng.TestNGProvider.invoke(TestNGProvider.java:120)
	at org.apache.maven.surefire.booter.ForkedBooter.invokeProviderInSameClassLoader(ForkedBooter.java:384)
	at org.apache.maven.surefire.booter.ForkedBooter.runSuitesInProcess(ForkedBooter.java:345)
	at org.apache.maven.surefire.booter.ForkedBooter.execute(ForkedBooter.java:126)
	at org.apache.maven.surefire.booter.ForkedBooter.main(ForkedBooter.java:418)


===============================================
    Default test
    Tests run: 16, Failures: 3, Skips: 0
===============================================

CM.baseUrlhttps://www.check24.de
]]></system-out>
    <system-err><![CDATA[Starting ChromeDriver 72.0.3626.69 (3c16f8a135abc0d4da2dff33804db79b849a7c38) on port 33789
Only local connections are allowed.
Please protect ports used by ChromeDriver and related test frameworks to prevent access by malicious code.
[1573578737.857][WARNING]: Timed out connecting to Chrome, retrying...
Nov 12, 2019 7:12:19 PM org.openqa.selenium.remote.ProtocolHandshake createSession
INFO: Detected dialect: OSS
]]></system-err>
  </testcase>
</testsuite>