<?xml version="1.0" encoding="UTF-8"?>
<!-- Generated by org.testng.reporters.JUnitReportReporter -->
<testsuite hostname="DESKTOP-RDBONBP" name="RegisteringNewCustomer.RegisterCustomerTestCases" tests="1" failures="0" timestamp="9 Nov 2019 17:19:20 GMT" time="0.007" errors="0">
  <testcase name="oneMoreTest" time="0.007" classname="RegisteringNewCustomer.RegisterCustomerTestCases"/>
</testsuite> <!-- RegisteringNewCustomer.RegisterCustomerTestCases -->
