<?xml version="1.0" encoding="UTF-8"?>
<!-- Generated by org.testng.reporters.JUnitReportReporter -->
<testsuite hostname="MohamedAteif" name="TravelSearch.TravelSearchTestCases" tests="1" failures="0" timestamp="11 Nov 2019 21:18:02 GMT" time="25.248" errors="0">
  <testcase name="searchForFlight" time="25.248" classname="TravelSearch.TravelSearchTestCases"/>
</testsuite> <!-- TravelSearch.TravelSearchTestCases -->
